d:/myedk2/edk2/Build/OvmfX64/DEBUG_VS2019/X64/CryptoPkg/Library/BaseCryptLib/RuntimeCryptLib/OUTPUT/Hash/CryptMd5.obj
d:/myedk2/edk2/Build/OvmfX64/DEBUG_VS2019/X64/CryptoPkg/Library/BaseCryptLib/RuntimeCryptLib/OUTPUT/Hash/CryptSha1.obj
d:/myedk2/edk2/Build/OvmfX64/DEBUG_VS2019/X64/CryptoPkg/Library/BaseCryptLib/RuntimeCryptLib/OUTPUT/Hash/CryptSha256.obj
d:/myedk2/edk2/Build/OvmfX64/DEBUG_VS2019/X64/CryptoPkg/Library/BaseCryptLib/RuntimeCryptLib/OUTPUT/Hash/CryptSm3.obj
d:/myedk2/edk2/Build/OvmfX64/DEBUG_VS2019/X64/CryptoPkg/Library/BaseCryptLib/RuntimeCryptLib/OUTPUT/Hash/CryptSha512.obj
d:/myedk2/edk2/Build/OvmfX64/DEBUG_VS2019/X64/CryptoPkg/Library/BaseCryptLib/RuntimeCryptLib/OUTPUT/Hash/CryptParallelHashNull.obj
d:/myedk2/edk2/Build/OvmfX64/DEBUG_VS2019/X64/CryptoPkg/Library/BaseCryptLib/RuntimeCryptLib/OUTPUT/Hmac/CryptHmacSha256.obj
d:/myedk2/edk2/Build/OvmfX64/DEBUG_VS2019/X64/CryptoPkg/Library/BaseCryptLib/RuntimeCryptLib/OUTPUT/Kdf/CryptHkdf.obj
d:/myedk2/edk2/Build/OvmfX64/DEBUG_VS2019/X64/CryptoPkg/Library/BaseCryptLib/RuntimeCryptLib/OUTPUT/Cipher/CryptAes.obj
d:/myedk2/edk2/Build/OvmfX64/DEBUG_VS2019/X64/CryptoPkg/Library/BaseCryptLib/RuntimeCryptLib/OUTPUT/Pk/CryptRsaBasic.obj
d:/myedk2/edk2/Build/OvmfX64/DEBUG_VS2019/X64/CryptoPkg/Library/BaseCryptLib/RuntimeCryptLib/OUTPUT/Pk/CryptRsaExtNull.obj
d:/myedk2/edk2/Build/OvmfX64/DEBUG_VS2019/X64/CryptoPkg/Library/BaseCryptLib/RuntimeCryptLib/OUTPUT/Pk/CryptPkcs1OaepNull.obj
d:/myedk2/edk2/Build/OvmfX64/DEBUG_VS2019/X64/CryptoPkg/Library/BaseCryptLib/RuntimeCryptLib/OUTPUT/Pk/CryptPkcs5Pbkdf2Null.obj
d:/myedk2/edk2/Build/OvmfX64/DEBUG_VS2019/X64/CryptoPkg/Library/BaseCryptLib/RuntimeCryptLib/OUTPUT/Pk/CryptPkcs7SignNull.obj
d:/myedk2/edk2/Build/OvmfX64/DEBUG_VS2019/X64/CryptoPkg/Library/BaseCryptLib/RuntimeCryptLib/OUTPUT/Pk/CryptPkcs7VerifyCommon.obj
d:/myedk2/edk2/Build/OvmfX64/DEBUG_VS2019/X64/CryptoPkg/Library/BaseCryptLib/RuntimeCryptLib/OUTPUT/Pk/CryptPkcs7VerifyRuntime.obj
d:/myedk2/edk2/Build/OvmfX64/DEBUG_VS2019/X64/CryptoPkg/Library/BaseCryptLib/RuntimeCryptLib/OUTPUT/Pk/CryptPkcs7VerifyEkuRuntime.obj
d:/myedk2/edk2/Build/OvmfX64/DEBUG_VS2019/X64/CryptoPkg/Library/BaseCryptLib/RuntimeCryptLib/OUTPUT/Pk/CryptDhNull.obj
d:/myedk2/edk2/Build/OvmfX64/DEBUG_VS2019/X64/CryptoPkg/Library/BaseCryptLib/RuntimeCryptLib/OUTPUT/Pk/CryptX509.obj
d:/myedk2/edk2/Build/OvmfX64/DEBUG_VS2019/X64/CryptoPkg/Library/BaseCryptLib/RuntimeCryptLib/OUTPUT/Pk/CryptAuthenticodeNull.obj
d:/myedk2/edk2/Build/OvmfX64/DEBUG_VS2019/X64/CryptoPkg/Library/BaseCryptLib/RuntimeCryptLib/OUTPUT/Pk/CryptTsNull.obj
d:/myedk2/edk2/Build/OvmfX64/DEBUG_VS2019/X64/CryptoPkg/Library/BaseCryptLib/RuntimeCryptLib/OUTPUT/Pk/CryptRsaPssNull.obj
d:/myedk2/edk2/Build/OvmfX64/DEBUG_VS2019/X64/CryptoPkg/Library/BaseCryptLib/RuntimeCryptLib/OUTPUT/Pk/CryptRsaPssSignNull.obj
d:/myedk2/edk2/Build/OvmfX64/DEBUG_VS2019/X64/CryptoPkg/Library/BaseCryptLib/RuntimeCryptLib/OUTPUT/Pem/CryptPem.obj
d:/myedk2/edk2/Build/OvmfX64/DEBUG_VS2019/X64/CryptoPkg/Library/BaseCryptLib/RuntimeCryptLib/OUTPUT/SysCall/CrtWrapper.obj
d:/myedk2/edk2/Build/OvmfX64/DEBUG_VS2019/X64/CryptoPkg/Library/BaseCryptLib/RuntimeCryptLib/OUTPUT/SysCall/TimerWrapper.obj
d:/myedk2/edk2/Build/OvmfX64/DEBUG_VS2019/X64/CryptoPkg/Library/BaseCryptLib/RuntimeCryptLib/OUTPUT/SysCall/RuntimeMemAllocation.obj
d:/myedk2/edk2/Build/OvmfX64/DEBUG_VS2019/X64/CryptoPkg/Library/BaseCryptLib/RuntimeCryptLib/OUTPUT/Rand/CryptRandTsc.obj