d:/myedk2/edk2/Build/OvmfX64/DEBUG_VS2019/X64/OvmfPkg/PlatformPei/PlatformPei/OUTPUT/PlatformPei.lib
d:/myedk2/edk2/Build/OvmfX64/DEBUG_VS2019/X64/MdePkg/Library/CcProbeLibNull/CcProbeLibNull/OUTPUT/CcProbeLibNull.lib
d:/myedk2/edk2/Build/OvmfX64/DEBUG_VS2019/X64/MdePkg/Library/RegisterFilterLibNull/RegisterFilterLibNull/OUTPUT/FilterLibNull.lib
d:/myedk2/edk2/Build/OvmfX64/DEBUG_VS2019/X64/MdePkg/Library/PeiMemoryAllocationLib/PeiMemoryAllocationLib/OUTPUT/PeiMemoryAllocationLib.lib
d:/myedk2/edk2/Build/OvmfX64/DEBUG_VS2019/X64/UefiCpuPkg/Library/BaseUefiCpuLib/BaseUefiCpuLib/OUTPUT/BaseUefiCpuLib.lib
d:/myedk2/edk2/Build/OvmfX64/DEBUG_VS2019/X64/MdePkg/Library/BaseCpuLib/BaseCpuLib/OUTPUT/BaseCpuLib.lib
d:/myedk2/edk2/Build/OvmfX64/DEBUG_VS2019/X64/UefiCpuPkg/Library/BaseXApicX2ApicLib/BaseXApicX2ApicLib/OUTPUT/BaseXApicX2ApicLib.lib
d:/myedk2/edk2/Build/OvmfX64/DEBUG_VS2019/X64/MdePkg/Library/BaseMemoryLibRepStr/BaseMemoryLibRepStr/OUTPUT/BaseMemoryLibRepStr.lib
d:/myedk2/edk2/Build/OvmfX64/DEBUG_VS2019/X64/MdePkg/Library/TdxLib/TdxLib/OUTPUT/TdxLib.lib
d:/myedk2/edk2/Build/OvmfX64/DEBUG_VS2019/X64/OvmfPkg/Library/VmgExitLib/VmgExitLib/OUTPUT/VmgExitLib.lib
d:/myedk2/edk2/Build/OvmfX64/DEBUG_VS2019/X64/MdePkg/Library/PeiPcdLib/PeiPcdLib/OUTPUT/PeiPcdLib.lib
d:/myedk2/edk2/Build/OvmfX64/DEBUG_VS2019/X64/OvmfPkg/Library/BaseMemEncryptSevLib/PeiMemEncryptSevLib/OUTPUT/PeiMemEncryptSevLib.lib
d:/myedk2/edk2/Build/OvmfX64/DEBUG_VS2019/X64/MdePkg/Library/PeiServicesTablePointerLibIdt/PeiServicesTablePointerLibIdt/OUTPUT/PeiServicesTablePointerLibIdt.lib
d:/myedk2/edk2/Build/OvmfX64/DEBUG_VS2019/X64/MdePkg/Library/PeiServicesLib/PeiServicesLib/OUTPUT/PeiServicesLib.lib
d:/myedk2/edk2/Build/OvmfX64/DEBUG_VS2019/X64/MdePkg/Library/BaseIoLibIntrinsic/BaseIoLibIntrinsicSev/OUTPUT/BaseIoLibIntrinsicSev.lib
d:/myedk2/edk2/Build/OvmfX64/DEBUG_VS2019/X64/MdePkg/Library/PeiHobLib/PeiHobLib/OUTPUT/PeiHobLib.lib
d:/myedk2/edk2/Build/OvmfX64/DEBUG_VS2019/X64/MdePkg/Library/BaseCacheMaintenanceLib/BaseCacheMaintenanceLib/OUTPUT/BaseCacheMaintenanceLib.lib
d:/myedk2/edk2/Build/OvmfX64/DEBUG_VS2019/X64/MdePkg/Library/BaseLib/BaseLib/OUTPUT/BaseLib.lib
d:/myedk2/edk2/Build/OvmfX64/DEBUG_VS2019/X64/MdePkg/Library/BaseDebugPrintErrorLevelLib/BaseDebugPrintErrorLevelLib/OUTPUT/BaseDebugPrintErrorLevelLib.lib
d:/myedk2/edk2/Build/OvmfX64/DEBUG_VS2019/X64/MdePkg/Library/BasePrintLib/BasePrintLib/OUTPUT/BasePrintLib.lib
d:/myedk2/edk2/Build/OvmfX64/DEBUG_VS2019/X64/PcAtChipsetPkg/Library/SerialIoLib/SerialIoLib/OUTPUT/PcAtSerialPortLib.lib
d:/myedk2/edk2/Build/OvmfX64/DEBUG_VS2019/X64/MdePkg/Library/BaseDebugLibSerialPort/BaseDebugLibSerialPort/OUTPUT/BaseDebugLibSerialPort.lib
d:/myedk2/edk2/Build/OvmfX64/DEBUG_VS2019/X64/MdePkg/Library/BasePciCf8Lib/BasePciCf8Lib/OUTPUT/BasePciCf8Lib.lib
d:/myedk2/edk2/Build/OvmfX64/DEBUG_VS2019/X64/MdePkg/Library/BasePciLibCf8/BasePciLibCf8/OUTPUT/BasePciLibCf8.lib
d:/myedk2/edk2/Build/OvmfX64/DEBUG_VS2019/X64/OvmfPkg/Library/AcpiTimerLib/BaseAcpiTimerLib/OUTPUT/BaseAcpiTimerLib.lib
d:/myedk2/edk2/Build/OvmfX64/DEBUG_VS2019/X64/OvmfPkg/Library/QemuFwCfgLib/QemuFwCfgPeiLib/OUTPUT/QemuFwCfgPeiLib.lib
d:/myedk2/edk2/Build/OvmfX64/DEBUG_VS2019/X64/OvmfPkg/Library/HardwareInfoLib/PeiHardwareInfoLib/OUTPUT/PeiHardwareInfoLib.lib
d:/myedk2/edk2/Build/OvmfX64/DEBUG_VS2019/X64/UefiCpuPkg/Library/MtrrLib/MtrrLib/OUTPUT/MtrrLib.lib
d:/myedk2/edk2/Build/OvmfX64/DEBUG_VS2019/X64/OvmfPkg/Library/QemuFwCfgSimpleParserLib/QemuFwCfgSimpleParserLib/OUTPUT/QemuFwCfgSimpleParserLib.lib
d:/myedk2/edk2/Build/OvmfX64/DEBUG_VS2019/X64/MdePkg/Library/PeiResourcePublicationLib/PeiResourcePublicationLib/OUTPUT/PeiResourcePublicationLib.lib
d:/myedk2/edk2/Build/OvmfX64/DEBUG_VS2019/X64/MdePkg/Library/PeimEntryPoint/PeimEntryPoint/OUTPUT/PeimEntryPoint.lib
d:/myedk2/edk2/Build/OvmfX64/DEBUG_VS2019/X64/OvmfPkg/Library/QemuFwCfgS3Lib/PeiQemuFwCfgS3LibFwCfg/OUTPUT/PeiQemuFwCfgS3LibFwCfg.lib
d:/myedk2/edk2/Build/OvmfX64/DEBUG_VS2019/X64/OvmfPkg/Library/PlatformInitLib/PlatformInitLib/OUTPUT/PlatformInitLib.lib