d:/myedk2/edk2/Build/OvmfX64/DEBUG_VS2019/X64/CryptoPkg/Library/BaseCryptLib/SmmCryptLib/OUTPUT/Hash/CryptMd5.obj
d:/myedk2/edk2/Build/OvmfX64/DEBUG_VS2019/X64/CryptoPkg/Library/BaseCryptLib/SmmCryptLib/OUTPUT/Hash/CryptSha1.obj
d:/myedk2/edk2/Build/OvmfX64/DEBUG_VS2019/X64/CryptoPkg/Library/BaseCryptLib/SmmCryptLib/OUTPUT/Hash/CryptSha256.obj
d:/myedk2/edk2/Build/OvmfX64/DEBUG_VS2019/X64/CryptoPkg/Library/BaseCryptLib/SmmCryptLib/OUTPUT/Hash/CryptSm3.obj
d:/myedk2/edk2/Build/OvmfX64/DEBUG_VS2019/X64/CryptoPkg/Library/BaseCryptLib/SmmCryptLib/OUTPUT/Hash/CryptSha512.obj
d:/myedk2/edk2/Build/OvmfX64/DEBUG_VS2019/X64/CryptoPkg/Library/BaseCryptLib/SmmCryptLib/OUTPUT/Hash/CryptSha3.obj
d:/myedk2/edk2/Build/OvmfX64/DEBUG_VS2019/X64/CryptoPkg/Library/BaseCryptLib/SmmCryptLib/OUTPUT/Hash/CryptXkcp.obj
d:/myedk2/edk2/Build/OvmfX64/DEBUG_VS2019/X64/CryptoPkg/Library/BaseCryptLib/SmmCryptLib/OUTPUT/Hash/CryptCShake256.obj
d:/myedk2/edk2/Build/OvmfX64/DEBUG_VS2019/X64/CryptoPkg/Library/BaseCryptLib/SmmCryptLib/OUTPUT/Hash/CryptParallelHash.obj
d:/myedk2/edk2/Build/OvmfX64/DEBUG_VS2019/X64/CryptoPkg/Library/BaseCryptLib/SmmCryptLib/OUTPUT/Hmac/CryptHmacSha256.obj
d:/myedk2/edk2/Build/OvmfX64/DEBUG_VS2019/X64/CryptoPkg/Library/BaseCryptLib/SmmCryptLib/OUTPUT/Kdf/CryptHkdfNull.obj
d:/myedk2/edk2/Build/OvmfX64/DEBUG_VS2019/X64/CryptoPkg/Library/BaseCryptLib/SmmCryptLib/OUTPUT/Cipher/CryptAes.obj
d:/myedk2/edk2/Build/OvmfX64/DEBUG_VS2019/X64/CryptoPkg/Library/BaseCryptLib/SmmCryptLib/OUTPUT/Pk/CryptRsaBasic.obj
d:/myedk2/edk2/Build/OvmfX64/DEBUG_VS2019/X64/CryptoPkg/Library/BaseCryptLib/SmmCryptLib/OUTPUT/Pk/CryptRsaExtNull.obj
d:/myedk2/edk2/Build/OvmfX64/DEBUG_VS2019/X64/CryptoPkg/Library/BaseCryptLib/SmmCryptLib/OUTPUT/Pk/CryptPkcs1Oaep.obj
d:/myedk2/edk2/Build/OvmfX64/DEBUG_VS2019/X64/CryptoPkg/Library/BaseCryptLib/SmmCryptLib/OUTPUT/Pk/CryptPkcs5Pbkdf2.obj
d:/myedk2/edk2/Build/OvmfX64/DEBUG_VS2019/X64/CryptoPkg/Library/BaseCryptLib/SmmCryptLib/OUTPUT/Pk/CryptPkcs7SignNull.obj
d:/myedk2/edk2/Build/OvmfX64/DEBUG_VS2019/X64/CryptoPkg/Library/BaseCryptLib/SmmCryptLib/OUTPUT/Pk/CryptPkcs7VerifyCommon.obj
d:/myedk2/edk2/Build/OvmfX64/DEBUG_VS2019/X64/CryptoPkg/Library/BaseCryptLib/SmmCryptLib/OUTPUT/Pk/CryptPkcs7VerifyBase.obj
d:/myedk2/edk2/Build/OvmfX64/DEBUG_VS2019/X64/CryptoPkg/Library/BaseCryptLib/SmmCryptLib/OUTPUT/Pk/CryptPkcs7VerifyEku.obj
d:/myedk2/edk2/Build/OvmfX64/DEBUG_VS2019/X64/CryptoPkg/Library/BaseCryptLib/SmmCryptLib/OUTPUT/Pk/CryptDhNull.obj
d:/myedk2/edk2/Build/OvmfX64/DEBUG_VS2019/X64/CryptoPkg/Library/BaseCryptLib/SmmCryptLib/OUTPUT/Pk/CryptX509.obj
d:/myedk2/edk2/Build/OvmfX64/DEBUG_VS2019/X64/CryptoPkg/Library/BaseCryptLib/SmmCryptLib/OUTPUT/Pk/CryptAuthenticodeNull.obj
d:/myedk2/edk2/Build/OvmfX64/DEBUG_VS2019/X64/CryptoPkg/Library/BaseCryptLib/SmmCryptLib/OUTPUT/Pk/CryptTsNull.obj
d:/myedk2/edk2/Build/OvmfX64/DEBUG_VS2019/X64/CryptoPkg/Library/BaseCryptLib/SmmCryptLib/OUTPUT/Pk/CryptRsaPss.obj
d:/myedk2/edk2/Build/OvmfX64/DEBUG_VS2019/X64/CryptoPkg/Library/BaseCryptLib/SmmCryptLib/OUTPUT/Pk/CryptRsaPssSignNull.obj
d:/myedk2/edk2/Build/OvmfX64/DEBUG_VS2019/X64/CryptoPkg/Library/BaseCryptLib/SmmCryptLib/OUTPUT/Pem/CryptPem.obj
d:/myedk2/edk2/Build/OvmfX64/DEBUG_VS2019/X64/CryptoPkg/Library/BaseCryptLib/SmmCryptLib/OUTPUT/SysCall/CrtWrapper.obj
d:/myedk2/edk2/Build/OvmfX64/DEBUG_VS2019/X64/CryptoPkg/Library/BaseCryptLib/SmmCryptLib/OUTPUT/SysCall/ConstantTimeClock.obj
d:/myedk2/edk2/Build/OvmfX64/DEBUG_VS2019/X64/CryptoPkg/Library/BaseCryptLib/SmmCryptLib/OUTPUT/SysCall/BaseMemAllocation.obj
d:/myedk2/edk2/Build/OvmfX64/DEBUG_VS2019/X64/CryptoPkg/Library/BaseCryptLib/SmmCryptLib/OUTPUT/Rand/CryptRandTsc.obj