d:/myedk2/edk2/Build/OvmfX64/DEBUG_VS2019/X64/CryptoPkg/Library/BaseCryptLib/BaseCryptLib/OUTPUT/Hash/CryptMd5.obj
d:/myedk2/edk2/Build/OvmfX64/DEBUG_VS2019/X64/CryptoPkg/Library/BaseCryptLib/BaseCryptLib/OUTPUT/Hash/CryptSha1.obj
d:/myedk2/edk2/Build/OvmfX64/DEBUG_VS2019/X64/CryptoPkg/Library/BaseCryptLib/BaseCryptLib/OUTPUT/Hash/CryptSha256.obj
d:/myedk2/edk2/Build/OvmfX64/DEBUG_VS2019/X64/CryptoPkg/Library/BaseCryptLib/BaseCryptLib/OUTPUT/Hash/CryptSha512.obj
d:/myedk2/edk2/Build/OvmfX64/DEBUG_VS2019/X64/CryptoPkg/Library/BaseCryptLib/BaseCryptLib/OUTPUT/Hash/CryptSm3.obj
d:/myedk2/edk2/Build/OvmfX64/DEBUG_VS2019/X64/CryptoPkg/Library/BaseCryptLib/BaseCryptLib/OUTPUT/Hash/CryptParallelHashNull.obj
d:/myedk2/edk2/Build/OvmfX64/DEBUG_VS2019/X64/CryptoPkg/Library/BaseCryptLib/BaseCryptLib/OUTPUT/Hmac/CryptHmacSha256.obj
d:/myedk2/edk2/Build/OvmfX64/DEBUG_VS2019/X64/CryptoPkg/Library/BaseCryptLib/BaseCryptLib/OUTPUT/Kdf/CryptHkdf.obj
d:/myedk2/edk2/Build/OvmfX64/DEBUG_VS2019/X64/CryptoPkg/Library/BaseCryptLib/BaseCryptLib/OUTPUT/Cipher/CryptAes.obj
d:/myedk2/edk2/Build/OvmfX64/DEBUG_VS2019/X64/CryptoPkg/Library/BaseCryptLib/BaseCryptLib/OUTPUT/Pk/CryptRsaBasic.obj
d:/myedk2/edk2/Build/OvmfX64/DEBUG_VS2019/X64/CryptoPkg/Library/BaseCryptLib/BaseCryptLib/OUTPUT/Pk/CryptRsaExt.obj
d:/myedk2/edk2/Build/OvmfX64/DEBUG_VS2019/X64/CryptoPkg/Library/BaseCryptLib/BaseCryptLib/OUTPUT/Pk/CryptPkcs1Oaep.obj
d:/myedk2/edk2/Build/OvmfX64/DEBUG_VS2019/X64/CryptoPkg/Library/BaseCryptLib/BaseCryptLib/OUTPUT/Pk/CryptPkcs5Pbkdf2.obj
d:/myedk2/edk2/Build/OvmfX64/DEBUG_VS2019/X64/CryptoPkg/Library/BaseCryptLib/BaseCryptLib/OUTPUT/Pk/CryptPkcs7Sign.obj
d:/myedk2/edk2/Build/OvmfX64/DEBUG_VS2019/X64/CryptoPkg/Library/BaseCryptLib/BaseCryptLib/OUTPUT/Pk/CryptPkcs7VerifyCommon.obj
d:/myedk2/edk2/Build/OvmfX64/DEBUG_VS2019/X64/CryptoPkg/Library/BaseCryptLib/BaseCryptLib/OUTPUT/Pk/CryptPkcs7VerifyBase.obj
d:/myedk2/edk2/Build/OvmfX64/DEBUG_VS2019/X64/CryptoPkg/Library/BaseCryptLib/BaseCryptLib/OUTPUT/Pk/CryptPkcs7VerifyEku.obj
d:/myedk2/edk2/Build/OvmfX64/DEBUG_VS2019/X64/CryptoPkg/Library/BaseCryptLib/BaseCryptLib/OUTPUT/Pk/CryptDh.obj
d:/myedk2/edk2/Build/OvmfX64/DEBUG_VS2019/X64/CryptoPkg/Library/BaseCryptLib/BaseCryptLib/OUTPUT/Pk/CryptX509.obj
d:/myedk2/edk2/Build/OvmfX64/DEBUG_VS2019/X64/CryptoPkg/Library/BaseCryptLib/BaseCryptLib/OUTPUT/Pk/CryptAuthenticode.obj
d:/myedk2/edk2/Build/OvmfX64/DEBUG_VS2019/X64/CryptoPkg/Library/BaseCryptLib/BaseCryptLib/OUTPUT/Pk/CryptTs.obj
d:/myedk2/edk2/Build/OvmfX64/DEBUG_VS2019/X64/CryptoPkg/Library/BaseCryptLib/BaseCryptLib/OUTPUT/Pk/CryptRsaPss.obj
d:/myedk2/edk2/Build/OvmfX64/DEBUG_VS2019/X64/CryptoPkg/Library/BaseCryptLib/BaseCryptLib/OUTPUT/Pk/CryptRsaPssSign.obj
d:/myedk2/edk2/Build/OvmfX64/DEBUG_VS2019/X64/CryptoPkg/Library/BaseCryptLib/BaseCryptLib/OUTPUT/Pem/CryptPem.obj
d:/myedk2/edk2/Build/OvmfX64/DEBUG_VS2019/X64/CryptoPkg/Library/BaseCryptLib/BaseCryptLib/OUTPUT/SysCall/CrtWrapper.obj
d:/myedk2/edk2/Build/OvmfX64/DEBUG_VS2019/X64/CryptoPkg/Library/BaseCryptLib/BaseCryptLib/OUTPUT/SysCall/TimerWrapper.obj
d:/myedk2/edk2/Build/OvmfX64/DEBUG_VS2019/X64/CryptoPkg/Library/BaseCryptLib/BaseCryptLib/OUTPUT/SysCall/BaseMemAllocation.obj
d:/myedk2/edk2/Build/OvmfX64/DEBUG_VS2019/X64/CryptoPkg/Library/BaseCryptLib/BaseCryptLib/OUTPUT/SysCall/inet_pton.obj
d:/myedk2/edk2/Build/OvmfX64/DEBUG_VS2019/X64/CryptoPkg/Library/BaseCryptLib/BaseCryptLib/OUTPUT/Rand/CryptRandTsc.obj