d:/myedk2/edk2/Build/OvmfX64/DEBUG_VS2019/X64/UefiCpuPkg/CpuMpPei/280251c4-1d09-4035-9062-839acb5f18c1/OUTPUT/CpuMpPei.lib
d:/myedk2/edk2/Build/OvmfX64/DEBUG_VS2019/X64/UefiCpuPkg/Library/BaseUefiCpuLib/BaseUefiCpuLib/OUTPUT/BaseUefiCpuLib.lib
d:/myedk2/edk2/Build/OvmfX64/DEBUG_VS2019/X64/MdePkg/Library/PeiServicesTablePointerLibIdt/PeiServicesTablePointerLibIdt/OUTPUT/PeiServicesTablePointerLibIdt.lib
d:/myedk2/edk2/Build/OvmfX64/DEBUG_VS2019/X64/MdePkg/Library/TdxLib/TdxLib/OUTPUT/TdxLib.lib
d:/myedk2/edk2/Build/OvmfX64/DEBUG_VS2019/X64/MdePkg/Library/CcProbeLibNull/CcProbeLibNull/OUTPUT/CcProbeLibNull.lib
d:/myedk2/edk2/Build/OvmfX64/DEBUG_VS2019/X64/MdePkg/Library/RegisterFilterLibNull/RegisterFilterLibNull/OUTPUT/FilterLibNull.lib
d:/myedk2/edk2/Build/OvmfX64/DEBUG_VS2019/X64/MdePkg/Library/BaseIoLibIntrinsic/BaseIoLibIntrinsicSev/OUTPUT/BaseIoLibIntrinsicSev.lib
d:/myedk2/edk2/Build/OvmfX64/DEBUG_VS2019/X64/MdePkg/Library/PeiPcdLib/PeiPcdLib/OUTPUT/PeiPcdLib.lib
d:/myedk2/edk2/Build/OvmfX64/DEBUG_VS2019/X64/MdePkg/Library/BaseCacheMaintenanceLib/BaseCacheMaintenanceLib/OUTPUT/BaseCacheMaintenanceLib.lib
d:/myedk2/edk2/Build/OvmfX64/DEBUG_VS2019/X64/OvmfPkg/Library/BaseMemEncryptSevLib/PeiMemEncryptSevLib/OUTPUT/PeiMemEncryptSevLib.lib
d:/myedk2/edk2/Build/OvmfX64/DEBUG_VS2019/X64/OvmfPkg/Library/VmgExitLib/VmgExitLib/OUTPUT/VmgExitLib.lib
d:/myedk2/edk2/Build/OvmfX64/DEBUG_VS2019/X64/MdePkg/Library/PeiMemoryAllocationLib/PeiMemoryAllocationLib/OUTPUT/PeiMemoryAllocationLib.lib
d:/myedk2/edk2/Build/OvmfX64/DEBUG_VS2019/X64/MdePkg/Library/BaseCpuLib/BaseCpuLib/OUTPUT/BaseCpuLib.lib
d:/myedk2/edk2/Build/OvmfX64/DEBUG_VS2019/X64/MdePkg/Library/BaseMemoryLibRepStr/BaseMemoryLibRepStr/OUTPUT/BaseMemoryLibRepStr.lib
d:/myedk2/edk2/Build/OvmfX64/DEBUG_VS2019/X64/MdePkg/Library/PeiServicesLib/PeiServicesLib/OUTPUT/PeiServicesLib.lib
d:/myedk2/edk2/Build/OvmfX64/DEBUG_VS2019/X64/UefiCpuPkg/Library/BaseXApicX2ApicLib/BaseXApicX2ApicLib/OUTPUT/BaseXApicX2ApicLib.lib
d:/myedk2/edk2/Build/OvmfX64/DEBUG_VS2019/X64/MdePkg/Library/PeiHobLib/PeiHobLib/OUTPUT/PeiHobLib.lib
d:/myedk2/edk2/Build/OvmfX64/DEBUG_VS2019/X64/MdePkg/Library/BaseLib/BaseLib/OUTPUT/BaseLib.lib
d:/myedk2/edk2/Build/OvmfX64/DEBUG_VS2019/X64/MdePkg/Library/BaseDebugPrintErrorLevelLib/BaseDebugPrintErrorLevelLib/OUTPUT/BaseDebugPrintErrorLevelLib.lib
d:/myedk2/edk2/Build/OvmfX64/DEBUG_VS2019/X64/MdePkg/Library/BasePrintLib/BasePrintLib/OUTPUT/BasePrintLib.lib
d:/myedk2/edk2/Build/OvmfX64/DEBUG_VS2019/X64/PcAtChipsetPkg/Library/SerialIoLib/SerialIoLib/OUTPUT/PcAtSerialPortLib.lib
d:/myedk2/edk2/Build/OvmfX64/DEBUG_VS2019/X64/MdePkg/Library/BaseDebugLibSerialPort/BaseDebugLibSerialPort/OUTPUT/BaseDebugLibSerialPort.lib
d:/myedk2/edk2/Build/OvmfX64/DEBUG_VS2019/X64/MdePkg/Library/BasePciCf8Lib/BasePciCf8Lib/OUTPUT/BasePciCf8Lib.lib
d:/myedk2/edk2/Build/OvmfX64/DEBUG_VS2019/X64/MdePkg/Library/BasePciLibCf8/BasePciLibCf8/OUTPUT/BasePciLibCf8.lib
d:/myedk2/edk2/Build/OvmfX64/DEBUG_VS2019/X64/OvmfPkg/Library/AcpiTimerLib/BaseAcpiTimerLib/OUTPUT/BaseAcpiTimerLib.lib
d:/myedk2/edk2/Build/OvmfX64/DEBUG_VS2019/X64/MdeModulePkg/Library/OemHookStatusCodeLibNull/OemHookStatusCodeLibNull/OUTPUT/OemHookStatusCodeLibNull.lib
d:/myedk2/edk2/Build/OvmfX64/DEBUG_VS2019/X64/MdePkg/Library/BaseSynchronizationLib/BaseSynchronizationLib/OUTPUT/BaseSynchronizationLib.lib
d:/myedk2/edk2/Build/OvmfX64/DEBUG_VS2019/X64/MdePkg/Library/BasePeCoffGetEntryPointLib/BasePeCoffGetEntryPointLib/OUTPUT/BasePeCoffGetEntryPointLib.lib
d:/myedk2/edk2/Build/OvmfX64/DEBUG_VS2019/X64/MdePkg/Library/PeimEntryPoint/PeimEntryPoint/OUTPUT/PeimEntryPoint.lib
d:/myedk2/edk2/Build/OvmfX64/DEBUG_VS2019/X64/MdeModulePkg/Library/PeiReportStatusCodeLib/PeiReportStatusCodeLib/OUTPUT/PeiReportStatusCodeLib.lib
d:/myedk2/edk2/Build/OvmfX64/DEBUG_VS2019/X64/UefiCpuPkg/Library/CpuExceptionHandlerLib/PeiCpuExceptionHandlerLib/OUTPUT/PeiCpuExceptionHandlerLib.lib
d:/myedk2/edk2/Build/OvmfX64/DEBUG_VS2019/X64/UefiCpuPkg/Library/MpInitLibUp/MpInitLibUp/OUTPUT/MpInitLibUp.lib
d:/myedk2/edk2/Build/OvmfX64/DEBUG_VS2019/X64/OvmfPkg/Library/MpInitLibDepLib/PeiMpInitLibUpDepLib/OUTPUT/MpInitLibUpDepLib.lib